2015-04-15 17:58:00.657 HelloReco[47299:3507650] DiskCookieStorage changing policy from 2 to 0, cookie file: file:///Users/jok/Library/Developer/CoreSimulator/Devices/72C8E82B-58E5-452A-9E19-4D6F5E133F83/data/Containers/Data/Application/493944C9-40F6-4E32-A71D-8A9B53ED0E03/Library/Cookies/Cookies.binarycookies
2015-04-15 17:58:00.895 HelloReco[47299:3507650] Apache Cordova native platform version 3.8.0 is starting.
2015-04-15 17:58:00.895 HelloReco[47299:3507650] Multi-tasking -> Device: YES, App: YES
2015-04-15 17:58:00.907 HelloReco[47299:3507650] Unlimited access to network resources
2015-04-15 17:58:00.917 HelloReco[47299:3507650] 

Started backup to iCloud! Please be careful.
Your application might be rejected by Apple if you store too much data.
For more information please read "iOS Data Storage Guidelines" at:
https://developer.apple.com/icloud/documentation/data-storage/
To disable web storage backup to iCloud, set the BackupWebStorage preference to "local" in the Cordova config.xml file

2015-04-15 17:58:01.605 HelloReco[47299:3507650] Resetting plugins due to page load.
2015-04-15 17:58:01.702 HelloReco[47299:3507650] Finished load of: file:///Users/jok/Library/Developer/CoreSimulator/Devices/72C8E82B-58E5-452A-9E19-4D6F5E133F83/data/Containers/Bundle/Application/66B83AD4-E5E4-4468-B42A-C3A21BEE3AE6/HelloReco.app/www/index.html
2015-04-15 17:59:28.276 HelloReco[47420:3509552] DiskCookieStorage changing policy from 2 to 0, cookie file: file:///Users/jok/Library/Developer/CoreSimulator/Devices/72C8E82B-58E5-452A-9E19-4D6F5E133F83/data/Containers/Data/Application/61A02E3F-7890-4BAD-BE98-C113625A1665/Library/Cookies/Cookies.binarycookies
2015-04-15 17:59:28.388 HelloReco[47420:3509552] Apache Cordova native platform version 3.8.0 is starting.
2015-04-15 17:59:28.389 HelloReco[47420:3509552] Multi-tasking -> Device: YES, App: YES
2015-04-15 17:59:28.390 HelloReco[47420:3509552] Unlimited access to network resources
2015-04-15 17:59:28.393 HelloReco[47420:3509552] 

Started backup to iCloud! Please be careful.
Your application might be rejected by Apple if you store too much data.
For more information please read "iOS Data Storage Guidelines" at:
https://developer.apple.com/icloud/documentation/data-storage/
To disable web storage backup to iCloud, set the BackupWebStorage preference to "local" in the Cordova config.xml file

2015-04-15 17:59:28.678 HelloReco[47420:3509552] Resetting plugins due to page load.
2015-04-15 17:59:28.722 HelloReco[47420:3509552] Finished load of: file:///Users/jok/Library/Developer/CoreSimulator/Devices/72C8E82B-58E5-452A-9E19-4D6F5E133F83/data/Containers/Bundle/Application/8AAD32FA-B35A-44D0-BAEA-C5E47F9F41EC/HelloReco.app/www/index.html
2015-04-15 18:26:52.584 HelloReco[51588:3537534] DiskCookieStorage changing policy from 2 to 0, cookie file: file:///Users/jok/Library/Developer/CoreSimulator/Devices/72C8E82B-58E5-452A-9E19-4D6F5E133F83/data/Containers/Data/Application/3A8E3E09-F077-47D6-95B7-765E49AEDA13/Library/Cookies/Cookies.binarycookies
2015-04-15 18:26:52.644 HelloReco[51588:3537534] Apache Cordova native platform version 3.8.0 is starting.
2015-04-15 18:26:52.645 HelloReco[51588:3537534] Multi-tasking -> Device: YES, App: YES
2015-04-15 18:26:52.646 HelloReco[51588:3537534] Unlimited access to network resources
2015-04-15 18:26:52.649 HelloReco[51588:3537534] 

Started backup to iCloud! Please be careful.
Your application might be rejected by Apple if you store too much data.
For more information please read "iOS Data Storage Guidelines" at:
https://developer.apple.com/icloud/documentation/data-storage/
To disable web storage backup to iCloud, set the BackupWebStorage preference to "local" in the Cordova config.xml file

2015-04-15 18:26:52.796 HelloReco[51588:3537534] Resetting plugins due to page load.
2015-04-15 18:26:52.888 HelloReco[51588:3537534] Finished load of: file:///Users/jok/Library/Developer/CoreSimulator/Devices/72C8E82B-58E5-452A-9E19-4D6F5E133F83/data/Containers/Bundle/Application/37BB85D4-92D8-4172-B758-9CE44F915E8E/HelloReco.app/www/index.html
2015-04-15 18:58:26.595 HelloReco[51947:3555092] DiskCookieStorage changing policy from 2 to 0, cookie file: file:///Users/jok/Library/Developer/CoreSimulator/Devices/72C8E82B-58E5-452A-9E19-4D6F5E133F83/data/Containers/Data/Application/E12402E3-205B-4706-AAB5-04F4A5589D5F/Library/Cookies/Cookies.binarycookies
2015-04-15 18:58:26.662 HelloReco[51947:3555092] Apache Cordova native platform version 3.8.0 is starting.
2015-04-15 18:58:26.663 HelloReco[51947:3555092] Multi-tasking -> Device: YES, App: YES
2015-04-15 18:58:26.665 HelloReco[51947:3555092] Unlimited access to network resources
2015-04-15 18:58:26.668 HelloReco[51947:3555092] 

Started backup to iCloud! Please be careful.
Your application might be rejected by Apple if you store too much data.
For more information please read "iOS Data Storage Guidelines" at:
https://developer.apple.com/icloud/documentation/data-storage/
To disable web storage backup to iCloud, set the BackupWebStorage preference to "local" in the Cordova config.xml file

2015-04-15 18:58:26.822 HelloReco[51947:3555092] Resetting plugins due to page load.
2015-04-15 18:58:26.906 HelloReco[51947:3555092] Finished load of: file:///Users/jok/Library/Developer/CoreSimulator/Devices/72C8E82B-58E5-452A-9E19-4D6F5E133F83/data/Containers/Bundle/Application/A16B1830-8160-4799-8CE5-E35B9E1B4F42/HelloReco.app/www/index.html
2015-04-15 18:59:24.360 HelloReco[52009:3556143] DiskCookieStorage changing policy from 2 to 0, cookie file: file:///Users/jok/Library/Developer/CoreSimulator/Devices/72C8E82B-58E5-452A-9E19-4D6F5E133F83/data/Containers/Data/Application/08C0FE26-4DEC-4DF0-96F2-5B18883EB851/Library/Cookies/Cookies.binarycookies
2015-04-15 18:59:24.440 HelloReco[52009:3556143] Apache Cordova native platform version 3.8.0 is starting.
2015-04-15 18:59:24.440 HelloReco[52009:3556143] Multi-tasking -> Device: YES, App: YES
2015-04-15 18:59:24.442 HelloReco[52009:3556143] Unlimited access to network resources
2015-04-15 18:59:24.444 HelloReco[52009:3556143] 

Started backup to iCloud! Please be careful.
Your application might be rejected by Apple if you store too much data.
For more information please read "iOS Data Storage Guidelines" at:
https://developer.apple.com/icloud/documentation/data-storage/
To disable web storage backup to iCloud, set the BackupWebStorage preference to "local" in the Cordova config.xml file

2015-04-15 18:59:24.557 HelloReco[52009:3556143] Resetting plugins due to page load.
2015-04-15 18:59:24.620 HelloReco[52009:3556143] Finished load of: file:///Users/jok/Library/Developer/CoreSimulator/Devices/72C8E82B-58E5-452A-9E19-4D6F5E133F83/data/Containers/Bundle/Application/45077B88-4059-4FB0-BEE6-B0F4A1758A22/HelloReco.app/www/index.html
2015-04-15 19:04:44.823 HelloReco[52131:3559883] DiskCookieStorage changing policy from 2 to 0, cookie file: file:///Users/jok/Library/Developer/CoreSimulator/Devices/72C8E82B-58E5-452A-9E19-4D6F5E133F83/data/Containers/Data/Application/A04E4EF3-3664-4736-9D2A-561A9B051980/Library/Cookies/Cookies.binarycookies
2015-04-15 19:04:44.907 HelloReco[52131:3559883] Apache Cordova native platform version 3.8.0 is starting.
2015-04-15 19:04:44.908 HelloReco[52131:3559883] Multi-tasking -> Device: YES, App: YES
2015-04-15 19:04:44.910 HelloReco[52131:3559883] Unlimited access to network resources
2015-04-15 19:04:44.912 HelloReco[52131:3559883] 

Started backup to iCloud! Please be careful.
Your application might be rejected by Apple if you store too much data.
For more information please read "iOS Data Storage Guidelines" at:
https://developer.apple.com/icloud/documentation/data-storage/
To disable web storage backup to iCloud, set the BackupWebStorage preference to "local" in the Cordova config.xml file

2015-04-15 19:04:45.051 HelloReco[52131:3559883] Resetting plugins due to page load.
2015-04-15 19:04:45.179 HelloReco[52131:3559883] Finished load of: file:///Users/jok/Library/Developer/CoreSimulator/Devices/72C8E82B-58E5-452A-9E19-4D6F5E133F83/data/Containers/Bundle/Application/3196279C-573E-4610-98F0-F38E1DCE487D/HelloReco.app/www/index.html
2015-04-15 19:06:37.214 HelloReco[52209:3561507] DiskCookieStorage changing policy from 2 to 0, cookie file: file:///Users/jok/Library/Developer/CoreSimulator/Devices/72C8E82B-58E5-452A-9E19-4D6F5E133F83/data/Containers/Data/Application/42D35A79-77CE-42C3-A36D-5F78D1374C41/Library/Cookies/Cookies.binarycookies
2015-04-15 19:06:37.313 HelloReco[52209:3561507] Apache Cordova native platform version 3.8.0 is starting.
2015-04-15 19:06:37.313 HelloReco[52209:3561507] Multi-tasking -> Device: YES, App: YES
2015-04-15 19:06:37.315 HelloReco[52209:3561507] Unlimited access to network resources
2015-04-15 19:06:37.318 HelloReco[52209:3561507] 

Started backup to iCloud! Please be careful.
Your application might be rejected by Apple if you store too much data.
For more information please read "iOS Data Storage Guidelines" at:
https://developer.apple.com/icloud/documentation/data-storage/
To disable web storage backup to iCloud, set the BackupWebStorage preference to "local" in the Cordova config.xml file

2015-04-15 19:06:37.444 HelloReco[52209:3561507] Resetting plugins due to page load.
2015-04-15 19:06:37.538 HelloReco[52209:3561507] Finished load of: file:///Users/jok/Library/Developer/CoreSimulator/Devices/72C8E82B-58E5-452A-9E19-4D6F5E133F83/data/Containers/Bundle/Application/4ACBCBA7-77CF-44B8-B952-8B7C1B3B68F1/HelloReco.app/www/index.html
2015-04-15 19:06:59.550 HelloReco[52209:3561507] Resetting plugins due to page load.
2015-04-15 19:06:59.691 HelloReco[52209:3561507] Finished load of: file:///Users/jok/Library/Developer/CoreSimulator/Devices/72C8E82B-58E5-452A-9E19-4D6F5E133F83/data/Containers/Bundle/Application/4ACBCBA7-77CF-44B8-B952-8B7C1B3B68F1/HelloReco.app/www/index.html
2015-04-15 19:07:57.515 HelloReco[52277:3562642] DiskCookieStorage changing policy from 2 to 0, cookie file: file:///Users/jok/Library/Developer/CoreSimulator/Devices/72C8E82B-58E5-452A-9E19-4D6F5E133F83/data/Containers/Data/Application/3750C573-091E-4896-9335-762C80AFBD49/Library/Cookies/Cookies.binarycookies
2015-04-15 19:07:57.595 HelloReco[52277:3562642] Apache Cordova native platform version 3.8.0 is starting.
2015-04-15 19:07:57.595 HelloReco[52277:3562642] Multi-tasking -> Device: YES, App: YES
2015-04-15 19:07:57.597 HelloReco[52277:3562642] Unlimited access to network resources
2015-04-15 19:07:57.599 HelloReco[52277:3562642] 

Started backup to iCloud! Please be careful.
Your application might be rejected by Apple if you store too much data.
For more information please read "iOS Data Storage Guidelines" at:
https://developer.apple.com/icloud/documentation/data-storage/
To disable web storage backup to iCloud, set the BackupWebStorage preference to "local" in the Cordova config.xml file

2015-04-15 19:07:57.726 HelloReco[52277:3562642] Resetting plugins due to page load.
2015-04-15 19:07:57.809 HelloReco[52277:3562642] Finished load of: file:///Users/jok/Library/Developer/CoreSimulator/Devices/72C8E82B-58E5-452A-9E19-4D6F5E133F83/data/Containers/Bundle/Application/3EEF1349-75B9-4DDE-8045-FA2FCC0CC086/HelloReco.app/www/index.html
2015-04-15 19:08:04.523 HelloReco[52277:3562642] Resetting plugins due to page load.
2015-04-15 19:08:04.651 HelloReco[52277:3562642] Finished load of: file:///Users/jok/Library/Developer/CoreSimulator/Devices/72C8E82B-58E5-452A-9E19-4D6F5E133F83/data/Containers/Bundle/Application/3EEF1349-75B9-4DDE-8045-FA2FCC0CC086/HelloReco.app/www/index.html
2015-04-15 19:08:56.722 HelloReco[52337:3563703] DiskCookieStorage changing policy from 2 to 0, cookie file: file:///Users/jok/Library/Developer/CoreSimulator/Devices/72C8E82B-58E5-452A-9E19-4D6F5E133F83/data/Containers/Data/Application/E6DA6A43-ECC1-4C64-8524-7498B7C9FFBB/Library/Cookies/Cookies.binarycookies
2015-04-15 19:08:56.796 HelloReco[52337:3563703] Apache Cordova native platform version 3.8.0 is starting.
2015-04-15 19:08:56.797 HelloReco[52337:3563703] Multi-tasking -> Device: YES, App: YES
2015-04-15 19:08:56.799 HelloReco[52337:3563703] Unlimited access to network resources
2015-04-15 19:08:56.801 HelloReco[52337:3563703] 

Started backup to iCloud! Please be careful.
Your application might be rejected by Apple if you store too much data.
For more information please read "iOS Data Storage Guidelines" at:
https://developer.apple.com/icloud/documentation/data-storage/
To disable web storage backup to iCloud, set the BackupWebStorage preference to "local" in the Cordova config.xml file

2015-04-15 19:08:56.920 HelloReco[52337:3563703] Resetting plugins due to page load.
2015-04-15 19:08:57.006 HelloReco[52337:3563703] Finished load of: file:///Users/jok/Library/Developer/CoreSimulator/Devices/72C8E82B-58E5-452A-9E19-4D6F5E133F83/data/Containers/Bundle/Application/492A86F0-A1D1-46A8-94C3-B8FE25581935/HelloReco.app/www/index.html
2015-04-15 20:02:18.858 HelloReco[52337:3563703] Resetting plugins due to page load.
2015-04-15 20:02:18.990 HelloReco[52337:3563703] Finished load of: file:///Users/jok/Library/Developer/CoreSimulator/Devices/72C8E82B-58E5-452A-9E19-4D6F5E133F83/data/Containers/Bundle/Application/492A86F0-A1D1-46A8-94C3-B8FE25581935/HelloReco.app/www/index.html
2015-04-15 20:02:59.233 HelloReco[52337:3563703] Resetting plugins due to page load.
2015-04-15 20:02:59.334 HelloReco[52337:3563703] Finished load of: file:///Users/jok/Library/Developer/CoreSimulator/Devices/72C8E82B-58E5-452A-9E19-4D6F5E133F83/data/Containers/Bundle/Application/492A86F0-A1D1-46A8-94C3-B8FE25581935/HelloReco.app/www/index.html
2015-04-15 20:04:09.219 HelloReco[52337:3563703] Resetting plugins due to page load.
2015-04-15 20:04:09.345 HelloReco[52337:3563703] Finished load of: file:///Users/jok/Library/Developer/CoreSimulator/Devices/72C8E82B-58E5-452A-9E19-4D6F5E133F83/data/Containers/Bundle/Application/492A86F0-A1D1-46A8-94C3-B8FE25581935/HelloReco.app/www/index.html
2015-04-15 20:04:13.219 HelloReco[52337:3563703] Resetting plugins due to page load.
2015-04-15 20:04:13.342 HelloReco[52337:3563703] Finished load of: file:///Users/jok/Library/Developer/CoreSimulator/Devices/72C8E82B-58E5-452A-9E19-4D6F5E133F83/data/Containers/Bundle/Application/492A86F0-A1D1-46A8-94C3-B8FE25581935/HelloReco.app/www/index.html
2015-04-15 20:04:14.987 HelloReco[52337:3563703] Resetting plugins due to page load.
2015-04-15 20:04:15.121 HelloReco[52337:3563703] Finished load of: file:///Users/jok/Library/Developer/CoreSimulator/Devices/72C8E82B-58E5-452A-9E19-4D6F5E133F83/data/Containers/Bundle/Application/492A86F0-A1D1-46A8-94C3-B8FE25581935/HelloReco.app/www/index.html
2015-04-15 20:04:23.459 HelloReco[52337:3563703] Resetting plugins due to page load.
2015-04-15 20:04:23.587 HelloReco[52337:3563703] Finished load of: file:///Users/jok/Library/Developer/CoreSimulator/Devices/72C8E82B-58E5-452A-9E19-4D6F5E133F83/data/Containers/Bundle/Application/492A86F0-A1D1-46A8-94C3-B8FE25581935/HelloReco.app/www/index.html
2015-04-15 20:05:40.965 HelloReco[52337:3563703] Resetting plugins due to page load.
2015-04-15 20:05:41.101 HelloReco[52337:3563703] Finished load of: file:///Users/jok/Library/Developer/CoreSimulator/Devices/72C8E82B-58E5-452A-9E19-4D6F5E133F83/data/Containers/Bundle/Application/492A86F0-A1D1-46A8-94C3-B8FE25581935/HelloReco.app/www/index.html
2015-04-15 20:06:27.864 HelloReco[52337:3563703] Resetting plugins due to page load.
2015-04-15 20:06:28.002 HelloReco[52337:3563703] Finished load of: file:///Users/jok/Library/Developer/CoreSimulator/Devices/72C8E82B-58E5-452A-9E19-4D6F5E133F83/data/Containers/Bundle/Application/492A86F0-A1D1-46A8-94C3-B8FE25581935/HelloReco.app/www/index.html
2015-04-15 20:06:28.678 HelloReco[52337:3563703] Resetting plugins due to page load.
2015-04-15 20:06:28.806 HelloReco[52337:3563703] Finished load of: file:///Users/jok/Library/Developer/CoreSimulator/Devices/72C8E82B-58E5-452A-9E19-4D6F5E133F83/data/Containers/Bundle/Application/492A86F0-A1D1-46A8-94C3-B8FE25581935/HelloReco.app/www/index.html
2015-04-15 20:06:29.245 HelloReco[52337:3563703] Resetting plugins due to page load.
2015-04-15 20:06:29.375 HelloReco[52337:3563703] Finished load of: file:///Users/jok/Library/Developer/CoreSimulator/Devices/72C8E82B-58E5-452A-9E19-4D6F5E133F83/data/Containers/Bundle/Application/492A86F0-A1D1-46A8-94C3-B8FE25581935/HelloReco.app/www/index.html
2015-04-15 20:06:29.750 HelloReco[52337:3563703] Resetting plugins due to page load.
2015-04-15 20:06:29.874 HelloReco[52337:3563703] Finished load of: file:///Users/jok/Library/Developer/CoreSimulator/Devices/72C8E82B-58E5-452A-9E19-4D6F5E133F83/data/Containers/Bundle/Application/492A86F0-A1D1-46A8-94C3-B8FE25581935/HelloReco.app/www/index.html
2015-04-15 20:20:51.172 HelloReco[52337:3563703] Resetting plugins due to page load.
2015-04-15 20:20:51.294 HelloReco[52337:3563703] Finished load of: file:///Users/jok/Library/Developer/CoreSimulator/Devices/72C8E82B-58E5-452A-9E19-4D6F5E133F83/data/Containers/Bundle/Application/492A86F0-A1D1-46A8-94C3-B8FE25581935/HelloReco.app/www/index.html
2015-04-15 20:25:35.519 HelloReco[52337:3563703] Resetting plugins due to page load.
2015-04-15 20:25:35.643 HelloReco[52337:3563703] Finished load of: file:///Users/jok/Library/Developer/CoreSimulator/Devices/72C8E82B-58E5-452A-9E19-4D6F5E133F83/data/Containers/Bundle/Application/492A86F0-A1D1-46A8-94C3-B8FE25581935/HelloReco.app/www/index.html
2015-04-15 20:29:48.381 HelloReco[52337:3623657] Terminating since there is no system app.
2015-04-15 20:30:22.452 HelloReco[54281:3624899] DiskCookieStorage changing policy from 2 to 0, cookie file: file:///Users/jok/Library/Developer/CoreSimulator/Devices/72C8E82B-58E5-452A-9E19-4D6F5E133F83/data/Containers/Data/Application/37A5B595-87E3-4E81-8463-FB939C9ABEAD/Library/Cookies/Cookies.binarycookies
2015-04-15 20:30:22.573 HelloReco[54281:3624899] Apache Cordova native platform version 3.8.0 is starting.
2015-04-15 20:30:22.574 HelloReco[54281:3624899] Multi-tasking -> Device: YES, App: YES
2015-04-15 20:30:22.575 HelloReco[54281:3624899] Unlimited access to network resources
2015-04-15 20:30:22.578 HelloReco[54281:3624899] 

Started backup to iCloud! Please be careful.
Your application might be rejected by Apple if you store too much data.
For more information please read "iOS Data Storage Guidelines" at:
https://developer.apple.com/icloud/documentation/data-storage/
To disable web storage backup to iCloud, set the BackupWebStorage preference to "local" in the Cordova config.xml file

2015-04-15 20:30:22.689 HelloReco[54281:3624899] Resetting plugins due to page load.
2015-04-15 20:30:22.774 HelloReco[54281:3624899] Finished load of: file:///Users/jok/Library/Developer/CoreSimulator/Devices/72C8E82B-58E5-452A-9E19-4D6F5E133F83/data/Containers/Bundle/Application/B6B0EFD5-50D8-4C2C-AE8F-3A29762878CF/HelloReco.app/www/index.html
2015-04-15 20:31:58.720 HelloReco[54281:3624899] Resetting plugins due to page load.
2015-04-15 20:31:58.845 HelloReco[54281:3624899] Finished load of: file:///Users/jok/Library/Developer/CoreSimulator/Devices/72C8E82B-58E5-452A-9E19-4D6F5E133F83/data/Containers/Bundle/Application/B6B0EFD5-50D8-4C2C-AE8F-3A29762878CF/HelloReco.app/www/index.html
2015-04-15 20:35:21.462 HelloReco[54412:3629025] DiskCookieStorage changing policy from 2 to 0, cookie file: file:///Users/jok/Library/Developer/CoreSimulator/Devices/72C8E82B-58E5-452A-9E19-4D6F5E133F83/data/Containers/Data/Application/A5396958-3AEC-4C9B-92B2-1EE80A814D97/Library/Cookies/Cookies.binarycookies
2015-04-15 20:35:21.533 HelloReco[54412:3629025] Apache Cordova native platform version 3.8.0 is starting.
2015-04-15 20:35:21.533 HelloReco[54412:3629025] Multi-tasking -> Device: YES, App: YES
2015-04-15 20:35:21.535 HelloReco[54412:3629025] Unlimited access to network resources
2015-04-15 20:35:21.538 HelloReco[54412:3629025] 

Started backup to iCloud! Please be careful.
Your application might be rejected by Apple if you store too much data.
For more information please read "iOS Data Storage Guidelines" at:
https://developer.apple.com/icloud/documentation/data-storage/
To disable web storage backup to iCloud, set the BackupWebStorage preference to "local" in the Cordova config.xml file

2015-04-15 20:35:21.652 HelloReco[54412:3629025] Resetting plugins due to page load.
2015-04-15 20:35:21.729 HelloReco[54412:3629025] Finished load of: file:///Users/jok/Library/Developer/CoreSimulator/Devices/72C8E82B-58E5-452A-9E19-4D6F5E133F83/data/Containers/Bundle/Application/71A0B13E-A421-491C-AD4F-DE50781C425D/HelloReco.app/www/index.html
